<?xml version="1.0" encoding="UTF-8"?>
<!-- Generated by org.testng.reporters.JUnitXMLReporter -->
<testsuite ignored="0" hostname="Thangs-MBP" failures="1" tests="1" name="Default test" time="8.574" errors="0" timestamp="2024-06-26T02:20:28 ICT">
  <testcase classname="io.cucumber.testng.AbstractTestNGCucumberTests" name="runScenario" time="7.903">
    <failure type="org.openqa.selenium.SessionNotCreatedException" message="Could not start a new session. Response code 500. Message: session not created: This version of ChromeDriver only supports Chrome version 114
Current browser version is 126.0.6478.127 with binary path /Applications/Google Chrome.app/Contents/MacOS/Google Chrome
Build info: version: &amp;apos;4.0.0&amp;apos;, revision: &amp;apos;3a21814679&amp;apos;
System info: host: &amp;apos;Thangs-MBP&amp;apos;, ip: &amp;apos;2001:ee0:2c9:950c:2bf:8f17:6dc0:3%en0&amp;apos;, os.name: &amp;apos;Mac OS X&amp;apos;, os.arch: &amp;apos;x86_64&amp;apos;, os.version: &amp;apos;14.4.1&amp;apos;, java.version: &amp;apos;17.0.3&amp;apos;
Driver info: org.openqa.selenium.chrome.ChromeDriver
Command: [null, newSession {capabilities=[Capabilities {browserName: chrome, goog:chromeOptions: {args: [--start-maximized, --disable-web-security, --no-proxy-server, test-type, disable-popup-blocking, --use-fake-ui-for-media-stream, --disable-notifications, --remote-debugging-port=9222, --remote-allow-origins=*], excludeSwitches: [enable-automation], extensions: [], prefs: {credentials_enable_service: false, profile.password_manager_enabled: false}, useAutomationExtension: false}, goog:loggingPrefs: org.openqa.selenium.logging...}], desiredCapabilities=Capabilities {acceptSslCerts: true, browserName: chrome, goog:chromeOptions: {args: [--start-maximized, --disable-web-security, --no-proxy-server, test-type, disable-popup-blocking, --use-fake-ui-for-media-stream, --disable-notifications, --remote-debugging-port=9222, --remote-allow-origins=*], excludeSwitches: [enable-automation], extensions: [], prefs: {credentials_enable_service: false, profile.password_manager_enabled: false}, useAutomationExtension: false}, loggingPrefs: org.openqa.selenium.logging...}}]">
      <![CDATA[org.openqa.selenium.SessionNotCreatedException: Could not start a new session. Response code 500. Message: session not created: This version of ChromeDriver only supports Chrome version 114
Current browser version is 126.0.6478.127 with binary path /Applications/Google Chrome.app/Contents/MacOS/Google Chrome
Build info: version: '4.0.0', revision: '3a21814679'
System info: host: 'Thangs-MBP', ip: '2001:ee0:2c9:950c:2bf:8f17:6dc0:3%en0', os.name: 'Mac OS X', os.arch: 'x86_64', os.version: '14.4.1', java.version: '17.0.3'
Driver info: org.openqa.selenium.chrome.ChromeDriver
Command: [null, newSession {capabilities=[Capabilities {browserName: chrome, goog:chromeOptions: {args: [--start-maximized, --disable-web-security, --no-proxy-server, test-type, disable-popup-blocking, --use-fake-ui-for-media-stream, --disable-notifications, --remote-debugging-port=9222, --remote-allow-origins=*], excludeSwitches: [enable-automation], extensions: [], prefs: {credentials_enable_service: false, profile.password_manager_enabled: false}, useAutomationExtension: false}, goog:loggingPrefs: org.openqa.selenium.logging...}], desiredCapabilities=Capabilities {acceptSslCerts: true, browserName: chrome, goog:chromeOptions: {args: [--start-maximized, --disable-web-security, --no-proxy-server, test-type, disable-popup-blocking, --use-fake-ui-for-media-stream, --disable-notifications, --remote-debugging-port=9222, --remote-allow-origins=*], excludeSwitches: [enable-automation], extensions: [], prefs: {credentials_enable_service: false, profile.password_manager_enabled: false}, useAutomationExtension: false}, loggingPrefs: org.openqa.selenium.logging...}}]
at org.openqa.selenium.remote.ProtocolHandshake.createSession(ProtocolHandshake.java:126)
at org.openqa.selenium.remote.ProtocolHandshake.createSession(ProtocolHandshake.java:84)
at org.openqa.selenium.remote.ProtocolHandshake.createSession(ProtocolHandshake.java:62)
at org.openqa.selenium.remote.HttpCommandExecutor.execute(HttpCommandExecutor.java:156)
at org.openqa.selenium.remote.service.DriverCommandExecutor.invokeExecute(DriverCommandExecutor.java:164)
at org.openqa.selenium.remote.service.DriverCommandExecutor.execute(DriverCommandExecutor.java:139)
at org.openqa.selenium.remote.RemoteWebDriver.execute(RemoteWebDriver.java:559)
at org.openqa.selenium.remote.RemoteWebDriver.startSession(RemoteWebDriver.java:246)
at org.openqa.selenium.remote.RemoteWebDriver.<init>(RemoteWebDriver.java:168)
at org.openqa.selenium.chromium.ChromiumDriver.<init>(ChromiumDriver.java:108)
at org.openqa.selenium.chrome.ChromeDriver.<init>(ChromeDriver.java:104)
at org.openqa.selenium.chrome.ChromeDriver.<init>(ChromeDriver.java:91)
at org.openqa.selenium.chrome.ChromeDriver.<init>(ChromeDriver.java:80)
at base.TestBase.setUpDriver(TestBase.java:152)
at base.TestBase.setUp(TestBase.java:42)
]]>
    </failure>
  </testcase> <!-- runScenario -->
</testsuite> <!-- Default test -->
