<?xml version="1.0" encoding="UTF-8"?>
<testng-results ignored="0" total="1" passed="0" failed="1" skipped="0">
  <reporter-output>
  </reporter-output>
  <suite started-at="2023-08-18T18:25:43 ICT" name="Default suite" finished-at="2023-08-18T18:30:43 ICT" duration-ms="300441">
    <groups>
      <group name="cucumber">
        <method signature="AbstractTestNGCucumberTests.runScenario(io.cucumber.testng.PickleWrapper,io.cucumber.testng.FeatureWrapper)[pri:0, instance:runner.CucumberTestRunner@205d38da]" name="runScenario" class="io.cucumber.testng.AbstractTestNGCucumberTests"/>
      </group> <!-- cucumber -->
    </groups>
    <test started-at="2023-08-18T18:25:43 ICT" name="Default test" finished-at="2023-08-18T18:30:43 ICT" duration-ms="300441">
      <class name="runner.CucumberTestRunner">
        <test-method is-config="true" signature="setUpClass(org.testng.ITestContext)[pri:0, instance:runner.CucumberTestRunner@205d38da]" started-at="2023-08-18T18:25:43 ICT" name="setUpClass" finished-at="2023-08-18T18:25:43 ICT" duration-ms="305" status="PASS">
          <params>
            <param index="0">
              <value>
                <![CDATA[org.testng.TestRunner@298cfe89]]>
              </value>
            </param>
          </params>
          <reporter-output>
          </reporter-output>
        </test-method> <!-- setUpClass -->
        <test-method signature="runScenario(io.cucumber.testng.PickleWrapper,io.cucumber.testng.FeatureWrapper)[pri:0, instance:runner.CucumberTestRunner@205d38da]" started-at="2023-08-18T18:25:43 ICT" name="runScenario" description="Runs Cucumber Scenarios" data-provider="scenarios" finished-at="2023-08-18T18:30:43 ICT" duration-ms="299897" status="FAIL">
          <params>
            <param index="0">
              <value>
                <![CDATA["01 Flow Buy Product"]]>
              </value>
            </param>
            <param index="1">
              <value>
                <![CDATA["Optional[01 Flow Buy Product]"]]>
              </value>
            </param>
          </params>
          <exception class="java.lang.AssertionError">
            <message>
              <![CDATA[Chờ lấy hàng # Đang lấy hàng]]>
            </message>
            <full-stacktrace>
              <![CDATA[java.lang.AssertionError: Chờ lấy hàng # Đang lấy hàng
at org.testng.Assert.fail(Assert.java:99)
at utilities.CommonFunctions.verifyDataEquals(CommonFunctions.java:456)
at actions.Internal_WMSActions.verifyStatusChange(Internal_WMSActions.java:773)
at stepdefinitions.Internal_WMSPageSteps.i_should_see_status_change_on_the_internal_detail_ticket_wms_page(Internal_WMSPageSteps.java:133)
at ✽.I should see status change "Đang lấy hàng" on the Internal Detail Ticket WMS page(file:///D:/buymed-automation-project-thang/src/test/resources/features/regression/01_FlowBuyProduct.feature:77)
]]>
            </full-stacktrace>
          </exception> <!-- java.lang.AssertionError -->
          <reporter-output>
          </reporter-output>
        </test-method> <!-- runScenario -->
        <test-method is-config="true" signature="tearDownClass()[pri:0, instance:runner.CucumberTestRunner@205d38da]" started-at="2023-08-18T18:30:43 ICT" name="tearDownClass" finished-at="2023-08-18T18:30:43 ICT" duration-ms="207" status="PASS">
          <reporter-output>
          </reporter-output>
        </test-method> <!-- tearDownClass -->
      </class> <!-- runner.CucumberTestRunner -->
    </test> <!-- Default test -->
  </suite> <!-- Default suite -->
</testng-results>
